<?xml version="1.0" encoding="UTF-8" ?>
<testsuite tests="7" failures="1" name="TestSuite" time="33.144" errors="0" skipped="0">
  <properties>
[...]
</properties>
  <testcase classname="com.crm.qa.tests.ContactPageTest" name="validateCreateNewContact" time="22.886">
    <failure message="no such element: Unable to locate element: {&quot;method&quot;:&quot;css selector&quot;,&quot;selector&quot;:&quot;*[name=&apos;first_name&apos;]&quot;}
  (Session info: chrome=109.0.5414.120)
For documentation on this error, please visit: https://selenium.dev/exceptions/#no_such_element
Build info: version: &apos;4.7.2&apos;, revision: &apos;4d4020c3b7&apos;
System info: os.name: &apos;Windows 11&apos;, os.arch: &apos;amd64&apos;, os.version: &apos;10.0&apos;, java.version: &apos;17.0.5&apos;
Driver info: org.openqa.selenium.chrome.ChromeDriver
Command: [c7664133ea47867bec2f84a6d2257359, findElement {using=name, value=first_name}]
Capabilities {acceptInsecureCerts: false, browserName: chrome, browserVersion: 109.0.5414.120, chrome: {chromedriverVersion: 109.0.5414.74 (e7c5703604da..., userDataDir: C:\Users\hp\AppData\Local\T...}, goog:chromeOptions: {debuggerAddress: localhost:58083}, networkConnectionEnabled: false, pageLoadStrategy: normal, platformName: WINDOWS, proxy: Proxy(), se:cdp: ws://localhost:58083/devtoo..., se:cdpVersion: 109.0.5414.120, setWindowRect: true, strictFileInteractability: false, timeouts: {implicit: 0, pageLoad: 300000, script: 30000}, unhandledPromptBehavior: dismiss and notify, webauthn:extension:credBlob: true, webauthn:extension:largeBlob: true, webauthn:virtualAuthenticators: true}
Session ID: c7664133ea47867bec2f84a6d2257359" type="org.openqa.selenium.NoSuchElementException">org.openqa.selenium.NoSuchElementException: no such element: Unable to locate element: {&quot;method&quot;:&quot;css selector&quot;,&quot;selector&quot;:&quot;*[name=&apos;first_name&apos;]&quot;}
  (Session info: chrome=109.0.5414.120)
For documentation on this error, please visit: https://selenium.dev/exceptions/#no_such_element
Build info: version: &apos;4.7.2&apos;, revision: &apos;4d4020c3b7&apos;
System info: os.name: &apos;Windows 11&apos;, os.arch: &apos;amd64&apos;, os.version: &apos;10.0&apos;, java.version: &apos;17.0.5&apos;
Driver info: org.openqa.selenium.chrome.ChromeDriver
Command: [c7664133ea47867bec2f84a6d2257359, findElement {using=name, value=first_name}]
Capabilities {acceptInsecureCerts: false, browserName: chrome, browserVersion: 109.0.5414.120, chrome: {chromedriverVersion: 109.0.5414.74 (e7c5703604da..., userDataDir: C:\Users\hp\AppData\Local\T...}, goog:chromeOptions: {debuggerAddress: localhost:58083}, networkConnectionEnabled: false, pageLoadStrategy: normal, platformName: WINDOWS, proxy: Proxy(), se:cdp: ws://localhost:58083/devtoo..., se:cdpVersion: 109.0.5414.120, setWindowRect: true, strictFileInteractability: false, timeouts: {implicit: 0, pageLoad: 300000, script: 30000}, unhandledPromptBehavior: dismiss and notify, webauthn:extension:credBlob: true, webauthn:extension:largeBlob: true, webauthn:virtualAuthenticators: true}
Session ID: c7664133ea47867bec2f84a6d2257359
	at java.base/jdk.internal.reflect.NativeConstructorAccessorImpl.newInstance0(Native Method)
	at java.base/jdk.internal.reflect.NativeConstructorAccessorImpl.newInstance(NativeConstructorAccessorImpl.java:77)
	at java.base/jdk.internal.reflect.DelegatingConstructorAccessorImpl.newInstance(DelegatingConstructorAccessorImpl.java:45)
	at java.base/java.lang.reflect.Constructor.newInstanceWithCaller(Constructor.java:499)
	at java.base/java.lang.reflect.Constructor.newInstance(Constructor.java:480)
	at org.openqa.selenium.remote.codec.w3c.W3CHttpResponseCodec.createException(W3CHttpResponseCodec.java:200)
	at org.openqa.selenium.remote.codec.w3c.W3CHttpResponseCodec.decode(W3CHttpResponseCodec.java:133)
	at org.openqa.selenium.remote.codec.w3c.W3CHttpResponseCodec.decode(W3CHttpResponseCodec.java:53)
	at org.openqa.selenium.remote.HttpCommandExecutor.execute(HttpCommandExecutor.java:184)
	at org.openqa.selenium.remote.service.DriverCommandExecutor.invokeExecute(DriverCommandExecutor.java:167)
	at org.openqa.selenium.remote.service.DriverCommandExecutor.execute(DriverCommandExecutor.java:142)
	at org.openqa.selenium.remote.RemoteWebDriver.execute(RemoteWebDriver.java:535)
	at org.openqa.selenium.remote.ElementLocation$ElementFinder$2.findElement(ElementLocation.java:162)
	at org.openqa.selenium.remote.ElementLocation.findElement(ElementLocation.java:60)
	at org.openqa.selenium.remote.RemoteWebDriver.findElement(RemoteWebDriver.java:351)
	at org.openqa.selenium.remote.RemoteWebDriver.findElement(RemoteWebDriver.java:343)
	at java.base/jdk.internal.reflect.NativeMethodAccessorImpl.invoke0(Native Method)
	at java.base/jdk.internal.reflect.NativeMethodAccessorImpl.invoke(NativeMethodAccessorImpl.java:77)
	at java.base/jdk.internal.reflect.DelegatingMethodAccessorImpl.invoke(DelegatingMethodAccessorImpl.java:43)
	at java.base/java.lang.reflect.Method.invoke(Method.java:568)
	at org.openqa.selenium.support.events.EventFiringWebDriver.lambda$new$1(EventFiringWebDriver.java:106)
	at jdk.proxy2/jdk.proxy2.$Proxy12.findElement(Unknown Source)
	at org.openqa.selenium.support.events.EventFiringWebDriver.findElement(EventFiringWebDriver.java:195)
	at org.openqa.selenium.support.pagefactory.DefaultElementLocator.findElement(DefaultElementLocator.java:70)
	at org.openqa.selenium.support.pagefactory.internal.LocatingElementHandler.invoke(LocatingElementHandler.java:39)
	at jdk.proxy2/jdk.proxy2.$Proxy16.sendKeys(Unknown Source)
	at com.crm.qa.pages.ContactsPage.createNewContact(ContactsPage.java:38)
	at com.crm.qa.tests.ContactPageTest.validateCreateNewContact(ContactPageTest.java:61)
</failure>
    <system-out>Configuring TestNG with: org.apache.maven.surefire.testng.conf.TestNG652Configurator@13c78c0b
2
row 2
Before navigating to: &apos;https://freecrm.com/&apos;
Navigated to:&apos;https://freecrm.com/&apos;
Trying to find Element By : By.xpath: /html/body/div[1]/header/div/nav/div[2]/div/div[2]/a
Found Element By : By.xpath: /html/body/div[1]/header/div/nav/div[2]/div/div[2]/a
Trying to click on: [[ChromeDriver: chrome on WINDOWS (c7664133ea47867bec2f84a6d2257359)] -&gt; xpath: /html/body/div[1]/header/div/nav/div[2]/div/div[2]/a]
Clicked on: [[ChromeDriver: chrome on WINDOWS (c7664133ea47867bec2f84a6d2257359)] -&gt; xpath: /html/body/div[1]/header/div/nav/div[2]/div/div[2]/a]
Trying to find Element By : By.name: email
Found Element By : By.name: email
Trying to find Element By : By.name: password
Found Element By : By.name: password
Trying to find Element By : By.xpath: //div[contains(text(),&apos;Login&apos;)]
Found Element By : By.xpath: //div[contains(text(),&apos;Login&apos;)]
Trying to click on: [[ChromeDriver: chrome on WINDOWS (c7664133ea47867bec2f84a6d2257359)] -&gt; xpath: //div[contains(text(),&apos;Login&apos;)]]
Clicked on: [[ChromeDriver: chrome on WINDOWS (c7664133ea47867bec2f84a6d2257359)] -&gt; xpath: //div[contains(text(),&apos;Login&apos;)]]
Trying to find Element By : By.xpath: //span[contains(text(),&apos;Contacts&apos;)]
Found Element By : By.xpath: //span[contains(text(),&apos;Contacts&apos;)]
Trying to click on: [[ChromeDriver: chrome on WINDOWS (c7664133ea47867bec2f84a6d2257359)] -&gt; xpath: //span[contains(text(),&apos;Contacts&apos;)]]
Clicked on: [[ChromeDriver: chrome on WINDOWS (c7664133ea47867bec2f84a6d2257359)] -&gt; xpath: //span[contains(text(),&apos;Contacts&apos;)]]
Trying to find Element By : By.xpath: //span[contains(text(),&apos;Contacts&apos;)]
Found Element By : By.xpath: //span[contains(text(),&apos;Contacts&apos;)]
Trying to find Element By : By.xpath: //div[3]//button[@class=&apos;ui mini basic icon button&apos;]
Found Element By : By.xpath: //div[3]//button[@class=&apos;ui mini basic icon button&apos;]
Trying to click on: [[ChromeDriver: chrome on WINDOWS (c7664133ea47867bec2f84a6d2257359)] -&gt; xpath: //div[3]//button[@class=&apos;ui mini basic icon button&apos;]]
Clicked on: [[ChromeDriver: chrome on WINDOWS (c7664133ea47867bec2f84a6d2257359)] -&gt; xpath: //div[3]//button[@class=&apos;ui mini basic icon button&apos;]]
Trying to find Element By : By.name: first_name
Exception occured: org.openqa.selenium.NoSuchElementException: no such element: Unable to locate element: {&quot;method&quot;:&quot;css selector&quot;,&quot;selector&quot;:&quot;*[name=&apos;first_name&apos;]&quot;}
  (Session info: chrome=109.0.5414.120)
For documentation on this error, please visit: https://selenium.dev/exceptions/#no_such_element
Build info: version: &apos;4.7.2&apos;, revision: &apos;4d4020c3b7&apos;
System info: os.name: &apos;Windows 11&apos;, os.arch: &apos;amd64&apos;, os.version: &apos;10.0&apos;, java.version: &apos;17.0.5&apos;
Driver info: org.openqa.selenium.chrome.ChromeDriver
Command: [c7664133ea47867bec2f84a6d2257359, findElement {using=name, value=first_name}]
Capabilities {acceptInsecureCerts: false, browserName: chrome, browserVersion: 109.0.5414.120, chrome: {chromedriverVersion: 109.0.5414.74 (e7c5703604da..., userDataDir: C:\Users\hp\AppData\Local\T...}, goog:chromeOptions: {debuggerAddress: localhost:58083}, networkConnectionEnabled: false, pageLoadStrategy: normal, platformName: WINDOWS, proxy: Proxy(), se:cdp: ws://localhost:58083/devtoo..., se:cdpVersion: 109.0.5414.120, setWindowRect: true, strictFileInteractability: false, timeouts: {implicit: 0, pageLoad: 300000, script: 30000}, unhandledPromptBehavior: dismiss and notify, webauthn:extension:credBlob: true, webauthn:extension:largeBlob: true, webauthn:virtualAuthenticators: true}
Session ID: c7664133ea47867bec2f84a6d2257359
</system-out>
    <system-err>SLF4J: Failed to load class &quot;org.slf4j.impl.StaticLoggerBinder&quot;.
SLF4J: Defaulting to no-operation (NOP) logger implementation
SLF4J: See http://www.slf4j.org/codes.html#StaticLoggerBinder for further details.
ERROR StatusLogger Log4j2 could not find a logging implementation. Please add log4j-core to the classpath. Using SimpleLogger to log to the console...
Starting ChromeDriver 109.0.5414.74 (e7c5703604daa9cc128ccf5a5d3e993513758913-refs/branch-heads/5414@{#1172}) on port 25027
Only local connections are allowed.
Please see https://chromedriver.chromium.org/security-considerations for suggestions on keeping ChromeDriver safe.
ChromeDriver was started successfully.
Feb 03, 2023 7:46:32 PM org.openqa.selenium.devtools.CdpVersionFinder findNearestMatch
WARNING: Unable to find an exact match for CDP version 109, so returning the closest version found: 108
</system-err>
  </testcase>
  <testcase classname="com.crm.qa.tests.ContactPageTest" name="validateCreateNewContact" time="4.459"/>
  <testcase classname="com.crm.qa.tests.HomePageTest" name="verifyDealsLinksTest" time="1.416"/>
  <testcase classname="com.crm.qa.tests.HomePageTest" name="verifyUserNameTest" time="1.462"/>
  <testcase classname="com.crm.qa.tests.HomePageTest" name="verifyHomePageTitleTest" time="0.012"/>
  <testcase classname="com.crm.qa.tests.HomePageTest" name="verifyContactsLinksTest" time="1.762"/>
  <testcase classname="com.crm.qa.tests.LoginPageTest" name="loginPageTitleTest" time="1.147"/>
</testsuite>