<?xml version="1.0" encoding="UTF-8"?>
<testng-results ignored="0" total="1" passed="1" failed="0" skipped="0">
  <reporter-output>
  </reporter-output>
  <suite started-at="2023-02-03T11:47:56 IST" name="Suite" finished-at="2023-02-03T11:48:05 IST" duration-ms="9328">
    <groups>
    </groups>
    <test started-at="2023-02-03T11:47:56 IST" name="Test" finished-at="2023-02-03T11:48:05 IST" duration-ms="9328">
      <class name="com.crm.qa.tests.LoginPageTest">
        <test-method is-config="true" signature="setUp()[pri:0, instance:com.crm.qa.tests.LoginPageTest@1a451d4d]" started-at="2023-02-03T11:47:56 IST" name="setUp" finished-at="2023-02-03T11:48:04 IST" duration-ms="7830" status="PASS">
          <reporter-output>
          </reporter-output>
        </test-method> <!-- setUp -->
        <test-method signature="loginPageTitleTest()[pri:1, instance:com.crm.qa.tests.LoginPageTest@1a451d4d]" started-at="2023-02-03T11:48:04 IST" name="loginPageTitleTest" finished-at="2023-02-03T11:48:05 IST" duration-ms="1095" status="PASS">
          <reporter-output>
          </reporter-output>
        </test-method> <!-- loginPageTitleTest -->
        <test-method is-config="true" signature="tearDown()[pri:0, instance:com.crm.qa.tests.LoginPageTest@1a451d4d]" started-at="2023-02-03T11:48:05 IST" name="tearDown" finished-at="2023-02-03T11:48:05 IST" duration-ms="341" status="PASS">
          <reporter-output>
          </reporter-output>
        </test-method> <!-- tearDown -->
      </class> <!-- com.crm.qa.tests.LoginPageTest -->
    </test> <!-- Test -->
  </suite> <!-- Suite -->
</testng-results>
