<?xml version="1.0" encoding="UTF-8"?>
<testng-results ignored="0" total="1" passed="1" failed="0" skipped="0">
  <reporter-output>
  </reporter-output>
  <suite started-at="2023-02-04T03:22:38 IST" name="Default suite" finished-at="2023-02-04T03:22:49 IST" duration-ms="10477">
    <groups>
    </groups>
    <test started-at="2023-02-04T03:22:38 IST" name="Default test" finished-at="2023-02-04T03:22:49 IST" duration-ms="10477">
      <class name="com.crm.qa.tests.LoginPageTest">
        <test-method is-config="true" signature="setUp()[pri:0, instance:com.crm.qa.tests.LoginPageTest@6e20b53a]" started-at="2023-02-04T03:22:38 IST" name="setUp" finished-at="2023-02-04T03:22:47 IST" duration-ms="8900" status="PASS">
          <reporter-output>
          </reporter-output>
        </test-method> <!-- setUp -->
        <test-method signature="loginPageTitleTest()[pri:1, instance:com.crm.qa.tests.LoginPageTest@6e20b53a]" started-at="2023-02-04T03:22:47 IST" name="loginPageTitleTest" finished-at="2023-02-04T03:22:48 IST" duration-ms="1155" status="PASS">
          <reporter-output>
          </reporter-output>
        </test-method> <!-- loginPageTitleTest -->
        <test-method is-config="true" signature="tearDown()[pri:0, instance:com.crm.qa.tests.LoginPageTest@6e20b53a]" started-at="2023-02-04T03:22:48 IST" name="tearDown" finished-at="2023-02-04T03:22:49 IST" duration-ms="349" status="PASS">
          <reporter-output>
          </reporter-output>
        </test-method> <!-- tearDown -->
      </class> <!-- com.crm.qa.tests.LoginPageTest -->
    </test> <!-- Default test -->
  </suite> <!-- Default suite -->
</testng-results>
